9 [139820360603520] INFO perfrun.launcher <> - Launcher main begin
10 [139820360603520] INFO perfrun.launcher <> - MessageCatalogInit finished
10 [139820360603520] INFO perfrun.launcher <> - Launcher instance created
10 [139820360603520] INFO perfrun.launcher <> - argc = 6; cmdline = /opt/intel/oneapi/vtune/2023.0.0/bin64/amplxe-runss -dump-vdso -r /home/user7/Optimisation/Optimisation-Techniques/Pthreads/mt_no_opt --tmp-dir /tmp/amplxe-tmp-user7 
76 [139820360603520] INFO perfrun.launcher <> - create msngr2::ICliToolContext
76 [139820360603520] INFO perfrun.launcher <> - create file finder object
83 [139820238665472] INFO perfrun.launcher <> - plugin [remoteplug] was disabled because it doesn't support the given collection type.
83 [139820238665472] INFO perfrun.launcher <> - plugin [system] was disabled because it doesn't support the given collection type.
83 [139820238665472] INFO perfrun.vdso <> - dumping [vdso] pseudomodule
117 [139820238665472] INFO perfrun.launcher <> - plugin [itt] was disabled because it doesn't support the given collection type.
117 [139820238665472] INFO perfrun.launcher <> - plugin [ptracecollector] was disabled because it doesn't support the given collection type.
117 [139820238665472] INFO perfrun.launcher <> - plugin [gpu] was disabled because it doesn't support the given collection type.
117 [139820238665472] INFO perfrun.launcher <> - plugin [] was disabled because it doesn't support the given collection type.
117 [139820238665472] INFO perfrun.launcher <> - plugin [] was disabled because it doesn't support the given collection type.
117 [139820238665472] INFO perfrun.launcher <> - plugin [] was disabled because it doesn't support the given collection type.
117 [139820238665472] INFO perfrun.launcher <> - plugin [mrte] was disabled because it doesn't support the given collection type.
117 [139820238665472] INFO perfrun.launcher <> - plugin [emon] was disabled because it doesn't support the given collection type.
117 [139820238665472] INFO perfrun.launcher <> - plugin [cuscol] was disabled because it doesn't support the given collection type.
117 [139820238665472] INFO perfrun.launcher <> - plugin [stdsrc] was disabled because it doesn't support the given collection type.
117 [139820238665472] INFO perfrun.launcher <> - plugin [sep] was disabled because it doesn't support the given collection type.
117 [139820238665472] INFO perfrun.launcher <> - plugin [vtsspp] was disabled because it doesn't support the given collection type.
117 [139820238665472] INFO perfrun.launcher <> - plugin [perf] was disabled because it doesn't support the given collection type.
117 [139820238665472] INFO perfrun.launcher <> - plugin [aoclprofile] was disabled because it doesn't support the given collection type.
118 [139820238665472] INFO perfrun.launcher <> - plugin [tpss] was disabled because it doesn't support the given collection type.
118 [139820238665472] INFO perfrun.launcher <> - plugin [media] was disabled because it doesn't support the given collection type.
118 [139820238665472] INFO perfrun.launcher <> - plugin [] was disabled because it doesn't support the given collection type.
118 [139820238665472] INFO perfrun.launcher <> - plugin [] was disabled because it doesn't support the given collection type.
118 [139820238665472] INFO perfrun.launcher <> - plugin [parallelfs] was disabled because it doesn't support the given collection type.
118 [139820238665472] INFO perfrun.launcher <> - plugin [power] was disabled because it doesn't support the given collection type.
118 [139820238665472] INFO perfrun.launcher <> - plugin [hwloc] was disabled because it doesn't support the given collection type.
118 [139820238665472] INFO perfrun.launcher <> - plugin [ipmwatch] was disabled because it doesn't support the given collection type.
118 [139820238665472] INFO perfrun.launcher <> - plugin [os_counters] was disabled because it doesn't support the given collection type.
118 [139820238665472] INFO perfrun.launcher <> - plugin [l0_metrics] was disabled because it doesn't support the given collection type.
118 [139820360603520] INFO perfrun.launcher <> - Application exit code: 0
118 [139820360603520] INFO perfrun.launcher <> - Exit code: 0
